2023-10-29 18:22:10 - Displaying Process Manager Menu...
2023-10-29 18:22:22 - Creating new process...
2023-10-29 18:22:22 - Process created with PID: 30750
2023-10-29 18:22:22 - Synchronizing Threads
2023-10-29 18:22:22 - Creating producer...
2023-10-29 18:22:22 - Producer 1 aquiring resources...
2023-10-29 18:22:22 - Creating consumer thread...
2023-10-29 18:22:22 - Producer 1 Produced 52. Buffer: [52]
2023-10-29 18:22:22 - Producer 1 releasing resources...
2023-10-29 18:22:22 - Consumer 1 aquiring resources...
2023-10-29 18:22:22 - Consumer 1 Consumed 52. Buffer: []
2023-10-29 18:22:22 - Consumer 1 releasing resources...
2023-10-29 18:22:22 - Creating consumer thread...
2023-10-29 18:22:22 - Consumer 2 aquiring resources...
2023-10-29 18:22:22 - Consumer 1 aquiring resources...
2023-10-29 18:22:22 - Producer 1 aquiring resources...
2023-10-29 18:22:22 - Producer 1 Produced 44. Buffer: [44]
2023-10-29 18:22:22 - Producer 1 releasing resources...
2023-10-29 18:22:22 - Consumer 2 Consumed 44. Buffer: []
2023-10-29 18:22:22 - Consumer 2 releasing resources...
2023-10-29 18:22:22 - Consumer 2 aquiring resources...
2023-10-29 18:22:22 - Producer 1 aquiring resources...
2023-10-29 18:22:22 - Producer 1 Produced 54. Buffer: [54]
2023-10-29 18:22:22 - Producer 1 releasing resources...
2023-10-29 18:22:22 - Consumer 1 Consumed 54. Buffer: []
2023-10-29 18:22:22 - Consumer 1 releasing resources...
2023-10-29 18:22:23 - Displaying Process Manager Menu...
2023-10-29 18:22:23 - Consumer 1 aquiring resources...
2023-10-29 18:22:23 - Producer 1 aquiring resources...
2023-10-29 18:22:23 - Producer 1 Produced 53. Buffer: [53]
2023-10-29 18:22:23 - Producer 1 releasing resources...
2023-10-29 18:22:23 - Consumer 2 Consumed 53. Buffer: []
2023-10-29 18:22:23 - Consumer 2 releasing resources...
2023-10-29 18:22:23 - Producer 1 aquiring resources...
2023-10-29 18:22:23 - Producer 1 Produced 88. Buffer: [88]
2023-10-29 18:22:23 - Producer 1 releasing resources...
2023-10-29 18:22:23 - Consumer 1 Consumed 88. Buffer: []
2023-10-29 18:22:23 - Consumer 1 releasing resources...
2023-10-29 18:22:23 - Consumer 2 aquiring resources...
2023-10-29 18:22:23 - Producer 1 aquiring resources...
2023-10-29 18:22:23 - Producer 1 Produced 83. Buffer: [83]
2023-10-29 18:22:23 - Producer 1 releasing resources...
2023-10-29 18:22:23 - Consumer 2 Consumed 83. Buffer: []
2023-10-29 18:22:23 - Consumer 2 releasing resources...
2023-10-29 18:22:23 - Consumer 1 aquiring resources...
2023-10-29 18:22:23 - Consumer 2 aquiring resources...
2023-10-29 18:22:24 - Producer 1 aquiring resources...
2023-10-29 18:22:24 - Producer 1 Produced 93. Buffer: [93]
2023-10-29 18:22:24 - Producer 1 releasing resources...
2023-10-29 18:22:24 - Consumer 1 Consumed 93. Buffer: []
2023-10-29 18:22:24 - Consumer 1 releasing resources...
2023-10-29 18:22:24 - Producer 1 aquiring resources...
2023-10-29 18:22:24 - Producer 1 Produced 98. Buffer: [98]
2023-10-29 18:22:24 - Producer 1 releasing resources...
2023-10-29 18:22:24 - Consumer 2 Consumed 98. Buffer: []
2023-10-29 18:22:24 - Consumer 2 releasing resources...
2023-10-29 18:22:24 - Consumer 1 aquiring resources...
2023-10-29 18:22:24 - Producer 1 aquiring resources...
2023-10-29 18:22:24 - Producer 1 Produced 96. Buffer: [96]
2023-10-29 18:22:24 - Producer 1 releasing resources...
2023-10-29 18:22:24 - Consumer 1 Consumed 96. Buffer: []
2023-10-29 18:22:24 - Consumer 1 releasing resources...
2023-10-29 18:22:24 - Consumer 2 aquiring resources...
2023-10-29 18:22:25 - Consumer 1 aquiring resources...
2023-10-29 18:22:25 - Producer 1 aquiring resources...
2023-10-29 18:22:25 - Producer 1 Produced 27. Buffer: [27]
2023-10-29 18:22:25 - Producer 1 releasing resources...
2023-10-29 18:22:25 - Consumer 2 Consumed 27. Buffer: []
2023-10-29 18:22:25 - Consumer 2 releasing resources...
2023-10-29 18:22:25 - Consumer 2 aquiring resources...
2023-10-29 18:22:25 - Producer 1 aquiring resources...
2023-10-29 18:22:25 - Producer 1 Produced 79. Buffer: [79]
2023-10-29 18:22:25 - Producer 1 releasing resources...
2023-10-29 18:22:25 - Consumer 1 Consumed 79. Buffer: []
2023-10-29 18:22:25 - Consumer 1 releasing resources...
2023-10-29 18:22:25 - Consumer 1 aquiring resources...
2023-10-29 18:22:25 - Producer 1 aquiring resources...
2023-10-29 18:22:25 - Producer 1 Produced 50. Buffer: [50]
2023-10-29 18:22:25 - Producer 1 releasing resources...
2023-10-29 18:22:25 - Consumer 2 Consumed 50. Buffer: []
2023-10-29 18:22:25 - Consumer 2 releasing resources...
2023-10-29 18:22:26 - Consumer 2 aquiring resources...
2023-10-29 18:22:26 - Producer 1 aquiring resources...
2023-10-29 18:22:26 - Producer 1 Produced 32. Buffer: [32]
2023-10-29 18:22:26 - Producer 1 releasing resources...
2023-10-29 18:22:26 - Consumer 1 Consumed 32. Buffer: []
2023-10-29 18:22:26 - Consumer 1 releasing resources...
2023-10-29 18:22:26 - Consumer 1 aquiring resources...
2023-10-29 18:22:26 - Producer 1 aquiring resources...
2023-10-29 18:22:26 - Producer 1 Produced 88. Buffer: [88]
2023-10-29 18:22:26 - Producer 1 releasing resources...
2023-10-29 18:22:26 - Consumer 2 Consumed 88. Buffer: []
2023-10-29 18:22:26 - Consumer 2 releasing resources...
2023-10-29 18:22:26 - Consumer 2 aquiring resources...
2023-10-29 18:22:26 - Producer 1 aquiring resources...
2023-10-29 18:22:26 - Producer 1 Produced 31. Buffer: [31]
2023-10-29 18:22:26 - Producer 1 releasing resources...
2023-10-29 18:22:26 - Consumer 1 Consumed 31. Buffer: []
2023-10-29 18:22:26 - Consumer 1 releasing resources...
2023-10-29 18:22:27 - Producer 1 aquiring resources...
2023-10-29 18:22:27 - Producer 1 Produced 5. Buffer: [5]
2023-10-29 18:22:27 - Producer 1 releasing resources...
2023-10-29 18:22:27 - Consumer 2 Consumed 5. Buffer: []
2023-10-29 18:22:27 - Consumer 2 releasing resources...
2023-10-29 18:22:27 - Consumer 2 aquiring resources...
2023-10-29 18:22:27 - Producer 1 aquiring resources...
2023-10-29 18:22:27 - Producer 1 Produced 11. Buffer: [11]
2023-10-29 18:22:27 - Producer 1 releasing resources...
2023-10-29 18:22:27 - Consumer 2 Consumed 11. Buffer: []
2023-10-29 18:22:27 - Consumer 2 releasing resources...
2023-10-29 18:22:27 - Consumer 1 aquiring resources...
2023-10-29 18:22:27 - Consumer 2 aquiring resources...
2023-10-29 18:22:27 - Producer 1 aquiring resources...
2023-10-29 18:22:27 - Producer 1 Produced 63. Buffer: [63]
2023-10-29 18:22:27 - Producer 1 releasing resources...
2023-10-29 18:22:27 - Consumer 1 Consumed 63. Buffer: []
2023-10-29 18:22:27 - Consumer 1 releasing resources...
2023-10-29 18:22:27 - Consumer 1 aquiring resources...
2023-10-29 18:22:28 - Producer 1 aquiring resources...
2023-10-29 18:22:28 - Producer 1 Produced 33. Buffer: [33]
2023-10-29 18:22:28 - Producer 1 releasing resources...
2023-10-29 18:22:28 - Consumer 2 Consumed 33. Buffer: []
2023-10-29 18:22:28 - Consumer 2 releasing resources...
2023-10-29 18:22:28 - Producer 1 aquiring resources...
2023-10-29 18:22:28 - Producer 1 Produced 50. Buffer: [50]
2023-10-29 18:22:28 - Producer 1 releasing resources...
2023-10-29 18:22:28 - Consumer 1 Consumed 50. Buffer: []
2023-10-29 18:22:28 - Consumer 1 releasing resources...
2023-10-29 18:22:45 - Displaying Process Manager Menu...
